CRITICAL - 2025-04-10 14:53:27 --> CodeIgniter\View\Exceptions\ViewException: Invalid file: "popUp/hargaReguler.php"
[Method: GET, Route: popUp/hargaReguler]
in SYSTEMPATH\Exceptions\FrameworkException.php on line 39.
 1 SYSTEMPATH\View\View.php(212): CodeIgniter\Exceptions\FrameworkException::forInvalidFile('popUp/hargaReguler.php')
 2 SYSTEMPATH\Common.php(1173): CodeIgniter\View\View->render('popUp/hargaReguler', [], true)
 3 APPPATH\Controllers\popUp.php(12): view('popUp/hargaReguler')
 4 SYSTEMPATH\CodeIgniter.php(933): App\Controllers\popUp->load('hargaReguler')
 5 SYSTEMPATH\CodeIgniter.php(507): CodeIgniter\CodeIgniter->runController(Object(App\Controllers\popUp))
 6 SYSTEMPATH\CodeIgniter.php(354): CodeIgniter\CodeIgniter->handleRequest(null, Object(Config\Cache), false)
 7 SYSTEMPATH\Boot.php(334): CodeIgniter\CodeIgniter->run()
 8 SYSTEMPATH\Boot.php(67): CodeIgniter\Boot::runCodeIgniter(Object(CodeIgniter\CodeIgniter))
 9 FCPATH\index.php(56): CodeIgniter\Boot::bootWeb(Object(Config\Paths))
10 SYSTEMPATH\rewrite.php(44): require_once('C:\\xampp\\htdocs\\Leuwi-Hejo\\public\\index.php')
CRITICAL - 2025-04-10 14:54:07 --> CodeIgniter\View\Exceptions\ViewException: Invalid file: "popUp/hargaReguler.php"
[Method: GET, Route: popUp/hargaReguler]
in SYSTEMPATH\Exceptions\FrameworkException.php on line 39.
 1 SYSTEMPATH\View\View.php(212): CodeIgniter\Exceptions\FrameworkException::forInvalidFile('popUp/hargaReguler.php')
 2 SYSTEMPATH\Common.php(1173): CodeIgniter\View\View->render('popUp/hargaReguler', [], true)
 3 APPPATH\Controllers\popUp.php(12): view('popUp/hargaReguler')
 4 SYSTEMPATH\CodeIgniter.php(933): App\Controllers\popUp->load('hargaReguler')
 5 SYSTEMPATH\CodeIgniter.php(507): CodeIgniter\CodeIgniter->runController(Object(App\Controllers\popUp))
 6 SYSTEMPATH\CodeIgniter.php(354): CodeIgniter\CodeIgniter->handleRequest(null, Object(Config\Cache), false)
 7 SYSTEMPATH\Boot.php(334): CodeIgniter\CodeIgniter->run()
 8 SYSTEMPATH\Boot.php(67): CodeIgniter\Boot::runCodeIgniter(Object(CodeIgniter\CodeIgniter))
 9 FCPATH\index.php(56): CodeIgniter\Boot::bootWeb(Object(Config\Paths))
10 SYSTEMPATH\rewrite.php(44): require_once('C:\\xampp\\htdocs\\Leuwi-Hejo\\public\\index.php')
CRITICAL - 2025-04-10 14:54:27 --> CodeIgniter\View\Exceptions\ViewException: Invalid file: "popUp/hargaReguler.php"
[Method: GET, Route: popUp/hargaReguler]
in SYSTEMPATH\Exceptions\FrameworkException.php on line 39.
 1 SYSTEMPATH\View\View.php(212): CodeIgniter\Exceptions\FrameworkException::forInvalidFile('popUp/hargaReguler.php')
 2 SYSTEMPATH\Common.php(1173): CodeIgniter\View\View->render('popUp/hargaReguler', [], true)
 3 APPPATH\Controllers\popUp.php(12): view('popUp/hargaReguler')
 4 SYSTEMPATH\CodeIgniter.php(933): App\Controllers\popUp->load('hargaReguler')
 5 SYSTEMPATH\CodeIgniter.php(507): CodeIgniter\CodeIgniter->runController(Object(App\Controllers\popUp))
 6 SYSTEMPATH\CodeIgniter.php(354): CodeIgniter\CodeIgniter->handleRequest(null, Object(Config\Cache), false)
 7 SYSTEMPATH\Boot.php(334): CodeIgniter\CodeIgniter->run()
 8 SYSTEMPATH\Boot.php(67): CodeIgniter\Boot::runCodeIgniter(Object(CodeIgniter\CodeIgniter))
 9 FCPATH\index.php(56): CodeIgniter\Boot::bootWeb(Object(Config\Paths))
10 SYSTEMPATH\rewrite.php(44): require_once('C:\\xampp\\htdocs\\Leuwi-Hejo\\public\\index.php')
