DEBUG - 2025-04-23 06:59:13 --> Session: Class initialized using 'CodeIgniter\Session\Handlers\FileHandler' driver.
DEBUG - 2025-04-23 07:00:43 --> Session: Class initialized using 'CodeIgniter\Session\Handlers\FileHandler' driver.
DEBUG - 2025-04-23 07:02:09 --> Session: Class initialized using 'CodeIgniter\Session\Handlers\FileHandler' driver.
DEBUG - 2025-04-23 07:04:53 --> Session: Class initialized using 'CodeIgniter\Session\Handlers\FileHandler' driver.
DEBUG - 2025-04-23 07:05:27 --> Session: Class initialized using 'CodeIgniter\Session\Handlers\FileHandler' driver.
DEBUG - 2025-04-23 07:08:33 --> Session: Class initialized using 'CodeIgniter\Session\Handlers\FileHandler' driver.
CRITICAL - 2025-04-23 07:08:33 --> ErrorException: Undefined variable $konten
[Method: GET, Route: admin/tentang_kami]
in APPPATH\Views\admin\tentang_kami.php on line 26.
 1 APPPATH\Views\admin\tentang_kami.php(26): CodeIgniter\Debug\Exceptions->errorHandler(2, 'Undefined variable $konten', 'C:\\xampp\\htdocs\\kp\\Leuwi-Hejo\\app\\Views\\admin\\tentang_kami.php', 26)
 2 SYSTEMPATH\View\View.php(224): include('C:\\xampp\\htdocs\\kp\\Leuwi-Hejo\\app\\Views\\admin\\tentang_kami.php')
 3 SYSTEMPATH\View\View.php(227): CodeIgniter\View\View->CodeIgniter\View\{closure}()
 4 SYSTEMPATH\Common.php(1173): CodeIgniter\View\View->render('admin/tentang_kami', [], true)
 5 APPPATH\Controllers\Admin\Beranda.php(59): view('admin/tentang_kami', [...])
 6 SYSTEMPATH\CodeIgniter.php(933): App\Controllers\Admin\Beranda->tentang_kami()
 7 SYSTEMPATH\CodeIgniter.php(507): CodeIgniter\CodeIgniter->runController(Object(App\Controllers\Admin\Beranda))
 8 SYSTEMPATH\CodeIgniter.php(354): CodeIgniter\CodeIgniter->handleRequest(null, Object(Config\Cache), false)
 9 SYSTEMPATH\Boot.php(334): CodeIgniter\CodeIgniter->run()
10 SYSTEMPATH\Boot.php(67): CodeIgniter\Boot::runCodeIgniter(Object(CodeIgniter\CodeIgniter))
11 FCPATH\index.php(56): CodeIgniter\Boot::bootWeb(Object(Config\Paths))
12 SYSTEMPATH\rewrite.php(44): require_once('C:\\xampp\\htdocs\\kp\\Leuwi-Hejo\\public\\index.php')
DEBUG - 2025-04-23 07:16:17 --> Session: Class initialized using 'CodeIgniter\Session\Handlers\FileHandler' driver.
CRITICAL - 2025-04-23 07:16:17 --> ErrorException: Undefined variable $konten
[Method: GET, Route: admin/tentang_kami]
in APPPATH\Views\admin\tentang_kami.php on line 26.
 1 APPPATH\Views\admin\tentang_kami.php(26): CodeIgniter\Debug\Exceptions->errorHandler(2, 'Undefined variable $konten', 'C:\\xampp\\htdocs\\kp\\Leuwi-Hejo\\app\\Views\\admin\\tentang_kami.php', 26)
 2 SYSTEMPATH\View\View.php(224): include('C:\\xampp\\htdocs\\kp\\Leuwi-Hejo\\app\\Views\\admin\\tentang_kami.php')
 3 SYSTEMPATH\View\View.php(227): CodeIgniter\View\View->CodeIgniter\View\{closure}()
 4 SYSTEMPATH\Common.php(1173): CodeIgniter\View\View->render('admin/tentang_kami', [], true)
 5 APPPATH\Controllers\Admin\Beranda.php(59): view('admin/tentang_kami', [...])
 6 SYSTEMPATH\CodeIgniter.php(933): App\Controllers\Admin\Beranda->tentang_kami()
 7 SYSTEMPATH\CodeIgniter.php(507): CodeIgniter\CodeIgniter->runController(Object(App\Controllers\Admin\Beranda))
 8 SYSTEMPATH\CodeIgniter.php(354): CodeIgniter\CodeIgniter->handleRequest(null, Object(Config\Cache), false)
 9 SYSTEMPATH\Boot.php(334): CodeIgniter\CodeIgniter->run()
10 SYSTEMPATH\Boot.php(67): CodeIgniter\Boot::runCodeIgniter(Object(CodeIgniter\CodeIgniter))
11 FCPATH\index.php(56): CodeIgniter\Boot::bootWeb(Object(Config\Paths))
12 SYSTEMPATH\rewrite.php(44): require_once('C:\\xampp\\htdocs\\kp\\Leuwi-Hejo\\public\\index.php')
DEBUG - 2025-04-23 07:16:18 --> Session: Class initialized using 'CodeIgniter\Session\Handlers\FileHandler' driver.
CRITICAL - 2025-04-23 07:16:18 --> ErrorException: Undefined variable $konten
[Method: GET, Route: admin/tentang_kami]
in APPPATH\Views\admin\tentang_kami.php on line 26.
 1 APPPATH\Views\admin\tentang_kami.php(26): CodeIgniter\Debug\Exceptions->errorHandler(2, 'Undefined variable $konten', 'C:\\xampp\\htdocs\\kp\\Leuwi-Hejo\\app\\Views\\admin\\tentang_kami.php', 26)
 2 SYSTEMPATH\View\View.php(224): include('C:\\xampp\\htdocs\\kp\\Leuwi-Hejo\\app\\Views\\admin\\tentang_kami.php')
 3 SYSTEMPATH\View\View.php(227): CodeIgniter\View\View->CodeIgniter\View\{closure}()
 4 SYSTEMPATH\Common.php(1173): CodeIgniter\View\View->render('admin/tentang_kami', [], true)
 5 APPPATH\Controllers\Admin\Beranda.php(59): view('admin/tentang_kami', [...])
 6 SYSTEMPATH\CodeIgniter.php(933): App\Controllers\Admin\Beranda->tentang_kami()
 7 SYSTEMPATH\CodeIgniter.php(507): CodeIgniter\CodeIgniter->runController(Object(App\Controllers\Admin\Beranda))
 8 SYSTEMPATH\CodeIgniter.php(354): CodeIgniter\CodeIgniter->handleRequest(null, Object(Config\Cache), false)
 9 SYSTEMPATH\Boot.php(334): CodeIgniter\CodeIgniter->run()
10 SYSTEMPATH\Boot.php(67): CodeIgniter\Boot::runCodeIgniter(Object(CodeIgniter\CodeIgniter))
11 FCPATH\index.php(56): CodeIgniter\Boot::bootWeb(Object(Config\Paths))
12 SYSTEMPATH\rewrite.php(44): require_once('C:\\xampp\\htdocs\\kp\\Leuwi-Hejo\\public\\index.php')
DEBUG - 2025-04-23 07:17:42 --> Session: Class initialized using 'CodeIgniter\Session\Handlers\FileHandler' driver.
DEBUG - 2025-04-23 07:30:27 --> Session: Class initialized using 'CodeIgniter\Session\Handlers\FileHandler' driver.
DEBUG - 2025-04-23 07:30:51 --> Session: Class initialized using 'CodeIgniter\Session\Handlers\FileHandler' driver.
DEBUG - 2025-04-23 07:35:00 --> Session: Class initialized using 'CodeIgniter\Session\Handlers\FileHandler' driver.
DEBUG - 2025-04-23 07:35:02 --> Session: Class initialized using 'CodeIgniter\Session\Handlers\FileHandler' driver.
DEBUG - 2025-04-23 07:35:05 --> Session: Class initialized using 'CodeIgniter\Session\Handlers\FileHandler' driver.
DEBUG - 2025-04-23 07:36:03 --> Session: Class initialized using 'CodeIgniter\Session\Handlers\FileHandler' driver.
DEBUG - 2025-04-23 07:36:05 --> Session: Class initialized using 'CodeIgniter\Session\Handlers\FileHandler' driver.
CRITICAL - 2025-04-23 07:40:16 --> ErrorException: Undefined variable $konten
[Method: GET, Route: pages/about]
in APPPATH\Views\pages\about.php on line 12.
 1 APPPATH\Views\pages\about.php(12): CodeIgniter\Debug\Exceptions->errorHandler(2, 'Undefined variable $konten', 'C:\\xampp\\htdocs\\kp\\Leuwi-Hejo\\app\\Views\\pages\\about.php', 12)
 2 SYSTEMPATH\View\View.php(224): include('C:\\xampp\\htdocs\\kp\\Leuwi-Hejo\\app\\Views\\pages\\about.php')
 3 SYSTEMPATH\View\View.php(227): CodeIgniter\View\View->CodeIgniter\View\{closure}()
 4 SYSTEMPATH\Common.php(1173): CodeIgniter\View\View->render('pages/about', [], true)
 5 APPPATH\Controllers\pages.php(26): view('pages/about', [...])
 6 SYSTEMPATH\CodeIgniter.php(933): App\Controllers\Pages->about()
 7 SYSTEMPATH\CodeIgniter.php(507): CodeIgniter\CodeIgniter->runController(Object(App\Controllers\Pages))
 8 SYSTEMPATH\CodeIgniter.php(354): CodeIgniter\CodeIgniter->handleRequest(null, Object(Config\Cache), false)
 9 SYSTEMPATH\Boot.php(334): CodeIgniter\CodeIgniter->run()
10 SYSTEMPATH\Boot.php(67): CodeIgniter\Boot::runCodeIgniter(Object(CodeIgniter\CodeIgniter))
11 FCPATH\index.php(56): CodeIgniter\Boot::bootWeb(Object(Config\Paths))
12 SYSTEMPATH\rewrite.php(44): require_once('C:\\xampp\\htdocs\\kp\\Leuwi-Hejo\\public\\index.php')
