CRITICAL - 2025-04-22 01:40:51 --> Error: Class "Locale" not found
[Method: GET, Route: /]
in SYSTEMPATH\CodeIgniter.php on line 189.
 1 SYSTEMPATH\Boot.php(321): CodeIgniter\CodeIgniter->initialize()
 2 SYSTEMPATH\Boot.php(101): CodeIgniter\Boot::initializeCodeIgniter()
 3 ROOTPATH\spark(84): CodeIgniter\Boot::bootSpark(Object(Config\Paths))
CRITICAL - 2025-04-22 01:40:51 --> ErrorException: Uncaught Error: Class "Locale" not found in C:\xampp\htdocs\kp\Leuwi-Hejo\vendor\codeigniter4\framework\system\I18n\TimeTrait.php:76
Stack trace:
#0 C:\xampp\htdocs\kp\Leuwi-Hejo\vendor\codeigniter4\framework\system\I18n\TimeTrait.php(117): CodeIgniter\I18n\Time->__construct(NULL, NULL, NULL)
#1 C:\xampp\htdocs\kp\Leuwi-Hejo\vendor\codeigniter4\framework\system\HTTP\ResponseTrait.php(398): CodeIgniter\I18n\Time::now()
#2 C:\xampp\htdocs\kp\Leuwi-Hejo\vendor\codeigniter4\framework\system\HTTP\ResponseTrait.php(376): CodeIgniter\HTTP\Response->sendHeaders()
#3 C:\xampp\htdocs\kp\Leuwi-Hejo\vendor\codeigniter4\framework\system\Debug\ExceptionHandler.php(85): CodeIgniter\HTTP\Response->send()
#4 C:\xampp\htdocs\kp\Leuwi-Hejo\vendor\codeigniter4\framework\system\Debug\Exceptions.php(162): CodeIgniter\Debug\ExceptionHandler->handle(Object(Error), Object(CodeIgniter\HTTP\IncomingRequest), Object(CodeIgniter\HTTP\Response), 500, 1)
#5 [internal function]: CodeIgniter\Debug\Exceptions->exceptionHandler(Object(Error))
#6 {main}
  thrown
【Previous Exception】
Error
Class "Locale" not found
#0 C:\xampp\htdocs\kp\Leuwi-Hejo\vendor\codeigniter4\framework\system\Boot.php(321): CodeIgniter\CodeIgniter->initialize()
#1 C:\xampp\htdocs\kp\Leuwi-Hejo\vendor\codeigniter4\framework\system\Boot.php(101): CodeIgniter\Boot::initializeCodeIgniter()
#2 C:\xampp\htdocs\kp\Leuwi-Hejo\spark(84): CodeIgniter\Boot::bootSpark(Object(Config\Paths))
#3 {main}
[Method: GET, Route: /]
in SYSTEMPATH\I18n\TimeTrait.php on line 76.
 1 [internal function]: CodeIgniter\Debug\Exceptions->shutdownHandler()
CRITICAL - 2025-04-22 01:45:50 --> Error: Class "Locale" not found
[Method: GET, Route: /]
in SYSTEMPATH\CodeIgniter.php on line 189.
 1 SYSTEMPATH\Boot.php(321): CodeIgniter\CodeIgniter->initialize()
 2 SYSTEMPATH\Boot.php(101): CodeIgniter\Boot::initializeCodeIgniter()
 3 ROOTPATH\spark(84): CodeIgniter\Boot::bootSpark(Object(Config\Paths))
CRITICAL - 2025-04-22 01:45:50 --> ErrorException: Uncaught Error: Class "Locale" not found in C:\xampp\htdocs\kp\Leuwi-Hejo\vendor\codeigniter4\framework\system\I18n\TimeTrait.php:76
Stack trace:
#0 C:\xampp\htdocs\kp\Leuwi-Hejo\vendor\codeigniter4\framework\system\I18n\TimeTrait.php(117): CodeIgniter\I18n\Time->__construct(NULL, NULL, NULL)
#1 C:\xampp\htdocs\kp\Leuwi-Hejo\vendor\codeigniter4\framework\system\HTTP\ResponseTrait.php(398): CodeIgniter\I18n\Time::now()
#2 C:\xampp\htdocs\kp\Leuwi-Hejo\vendor\codeigniter4\framework\system\HTTP\ResponseTrait.php(376): CodeIgniter\HTTP\Response->sendHeaders()
#3 C:\xampp\htdocs\kp\Leuwi-Hejo\vendor\codeigniter4\framework\system\Debug\ExceptionHandler.php(85): CodeIgniter\HTTP\Response->send()
#4 C:\xampp\htdocs\kp\Leuwi-Hejo\vendor\codeigniter4\framework\system\Debug\Exceptions.php(162): CodeIgniter\Debug\ExceptionHandler->handle(Object(Error), Object(CodeIgniter\HTTP\IncomingRequest), Object(CodeIgniter\HTTP\Response), 500, 1)
#5 [internal function]: CodeIgniter\Debug\Exceptions->exceptionHandler(Object(Error))
#6 {main}
  thrown
【Previous Exception】
Error
Class "Locale" not found
#0 C:\xampp\htdocs\kp\Leuwi-Hejo\vendor\codeigniter4\framework\system\Boot.php(321): CodeIgniter\CodeIgniter->initialize()
#1 C:\xampp\htdocs\kp\Leuwi-Hejo\vendor\codeigniter4\framework\system\Boot.php(101): CodeIgniter\Boot::initializeCodeIgniter()
#2 C:\xampp\htdocs\kp\Leuwi-Hejo\spark(84): CodeIgniter\Boot::bootSpark(Object(Config\Paths))
#3 {main}
[Method: GET, Route: /]
in SYSTEMPATH\I18n\TimeTrait.php on line 76.
 1 [internal function]: CodeIgniter\Debug\Exceptions->shutdownHandler()
CRITICAL - 2025-04-22 01:48:05 --> Error: Class "Locale" not found
[Method: GET, Route: /]
in SYSTEMPATH\CodeIgniter.php on line 189.
 1 SYSTEMPATH\Boot.php(321): CodeIgniter\CodeIgniter->initialize()
 2 SYSTEMPATH\Boot.php(101): CodeIgniter\Boot::initializeCodeIgniter()
 3 ROOTPATH\spark(84): CodeIgniter\Boot::bootSpark(Object(Config\Paths))
CRITICAL - 2025-04-22 01:48:05 --> ErrorException: Uncaught Error: Class "Locale" not found in C:\xampp\htdocs\kp\Leuwi-Hejo\vendor\codeigniter4\framework\system\I18n\TimeTrait.php:76
Stack trace:
#0 C:\xampp\htdocs\kp\Leuwi-Hejo\vendor\codeigniter4\framework\system\I18n\TimeTrait.php(117): CodeIgniter\I18n\Time->__construct(NULL, NULL, NULL)
#1 C:\xampp\htdocs\kp\Leuwi-Hejo\vendor\codeigniter4\framework\system\HTTP\ResponseTrait.php(398): CodeIgniter\I18n\Time::now()
#2 C:\xampp\htdocs\kp\Leuwi-Hejo\vendor\codeigniter4\framework\system\HTTP\ResponseTrait.php(376): CodeIgniter\HTTP\Response->sendHeaders()
#3 C:\xampp\htdocs\kp\Leuwi-Hejo\vendor\codeigniter4\framework\system\Debug\ExceptionHandler.php(85): CodeIgniter\HTTP\Response->send()
#4 C:\xampp\htdocs\kp\Leuwi-Hejo\vendor\codeigniter4\framework\system\Debug\Exceptions.php(162): CodeIgniter\Debug\ExceptionHandler->handle(Object(Error), Object(CodeIgniter\HTTP\IncomingRequest), Object(CodeIgniter\HTTP\Response), 500, 1)
#5 [internal function]: CodeIgniter\Debug\Exceptions->exceptionHandler(Object(Error))
#6 {main}
  thrown
【Previous Exception】
Error
Class "Locale" not found
#0 C:\xampp\htdocs\kp\Leuwi-Hejo\vendor\codeigniter4\framework\system\Boot.php(321): CodeIgniter\CodeIgniter->initialize()
#1 C:\xampp\htdocs\kp\Leuwi-Hejo\vendor\codeigniter4\framework\system\Boot.php(101): CodeIgniter\Boot::initializeCodeIgniter()
#2 C:\xampp\htdocs\kp\Leuwi-Hejo\spark(84): CodeIgniter\Boot::bootSpark(Object(Config\Paths))
#3 {main}
[Method: GET, Route: /]
in SYSTEMPATH\I18n\TimeTrait.php on line 76.
 1 [internal function]: CodeIgniter\Debug\Exceptions->shutdownHandler()
ERROR - 2025-04-22 00:02:32 --> Error connecting to the database: mysqli_sql_exception: Unknown database 'lembah_pangaduan' in C:\xampp\htdocs\kp\Leuwi-Hejo\vendor\codeigniter4\framework\system\Database\MySQLi\Connection.php:201
Stack trace:
#0 C:\xampp\htdocs\kp\Leuwi-Hejo\vendor\codeigniter4\framework\system\Database\MySQLi\Connection.php(201): mysqli->real_connect('localhost', 'root', Object(SensitiveParameterValue), 'lembah_pangadua...', 3307, '', 0)
#1 C:\xampp\htdocs\kp\Leuwi-Hejo\vendor\codeigniter4\framework\system\Database\BaseConnection.php(421): CodeIgniter\Database\MySQLi\Connection->connect(false)
#2 C:\xampp\htdocs\kp\Leuwi-Hejo\vendor\codeigniter4\framework\system\Database\BaseConnection.php(620): CodeIgniter\Database\BaseConnection->initialize()
#3 C:\xampp\htdocs\kp\Leuwi-Hejo\vendor\codeigniter4\framework\system\Database\BaseConnection.php(1525): CodeIgniter\Database\BaseConnection->query('SHOW TABLES FRO...')
#4 C:\xampp\htdocs\kp\Leuwi-Hejo\vendor\codeigniter4\framework\system\Database\BaseConnection.php(1545): CodeIgniter\Database\BaseConnection->listTables()
#5 C:\xampp\htdocs\kp\Leuwi-Hejo\vendor\codeigniter4\framework\system\Database\MigrationRunner.php(758): CodeIgniter\Database\BaseConnection->tableExists('migrations')
#6 C:\xampp\htdocs\kp\Leuwi-Hejo\vendor\codeigniter4\framework\system\Database\MigrationRunner.php(162): CodeIgniter\Database\MigrationRunner->ensureTable()
#7 C:\xampp\htdocs\kp\Leuwi-Hejo\vendor\codeigniter4\framework\system\Commands\Database\Migrate.php(85): CodeIgniter\Database\MigrationRunner->latest(NULL)
#8 C:\xampp\htdocs\kp\Leuwi-Hejo\vendor\codeigniter4\framework\system\CLI\Commands.php(70): CodeIgniter\Commands\Database\Migrate->run(Array)
#9 C:\xampp\htdocs\kp\Leuwi-Hejo\vendor\codeigniter4\framework\system\CLI\Console.php(48): CodeIgniter\CLI\Commands->run('migrate', Array)
#10 C:\xampp\htdocs\kp\Leuwi-Hejo\vendor\codeigniter4\framework\system\Boot.php(360): CodeIgniter\CLI\Console->run()
#11 C:\xampp\htdocs\kp\Leuwi-Hejo\vendor\codeigniter4\framework\system\Boot.php(104): CodeIgniter\Boot::runCommand(Object(CodeIgniter\CLI\Console))
#12 C:\xampp\htdocs\kp\Leuwi-Hejo\spark(84): CodeIgniter\Boot::bootSpark(Object(Config\Paths))
#13 {main}

Next CodeIgniter\Database\Exceptions\DatabaseException: Unknown database 'lembah_pangaduan' in C:\xampp\htdocs\kp\Leuwi-Hejo\vendor\codeigniter4\framework\system\Database\MySQLi\Connection.php:246
Stack trace:
#0 C:\xampp\htdocs\kp\Leuwi-Hejo\vendor\codeigniter4\framework\system\Database\BaseConnection.php(421): CodeIgniter\Database\MySQLi\Connection->connect(false)
#1 C:\xampp\htdocs\kp\Leuwi-Hejo\vendor\codeigniter4\framework\system\Database\BaseConnection.php(620): CodeIgniter\Database\BaseConnection->initialize()
#2 C:\xampp\htdocs\kp\Leuwi-Hejo\vendor\codeigniter4\framework\system\Database\BaseConnection.php(1525): CodeIgniter\Database\BaseConnection->query('SHOW TABLES FRO...')
#3 C:\xampp\htdocs\kp\Leuwi-Hejo\vendor\codeigniter4\framework\system\Database\BaseConnection.php(1545): CodeIgniter\Database\BaseConnection->listTables()
#4 C:\xampp\htdocs\kp\Leuwi-Hejo\vendor\codeigniter4\framework\system\Database\MigrationRunner.php(758): CodeIgniter\Database\BaseConnection->tableExists('migrations')
#5 C:\xampp\htdocs\kp\Leuwi-Hejo\vendor\codeigniter4\framework\system\Database\MigrationRunner.php(162): CodeIgniter\Database\MigrationRunner->ensureTable()
#6 C:\xampp\htdocs\kp\Leuwi-Hejo\vendor\codeigniter4\framework\system\Commands\Database\Migrate.php(85): CodeIgniter\Database\MigrationRunner->latest(NULL)
#7 C:\xampp\htdocs\kp\Leuwi-Hejo\vendor\codeigniter4\framework\system\CLI\Commands.php(70): CodeIgniter\Commands\Database\Migrate->run(Array)
#8 C:\xampp\htdocs\kp\Leuwi-Hejo\vendor\codeigniter4\framework\system\CLI\Console.php(48): CodeIgniter\CLI\Commands->run('migrate', Array)
#9 C:\xampp\htdocs\kp\Leuwi-Hejo\vendor\codeigniter4\framework\system\Boot.php(360): CodeIgniter\CLI\Console->run()
#10 C:\xampp\htdocs\kp\Leuwi-Hejo\vendor\codeigniter4\framework\system\Boot.php(104): CodeIgniter\Boot::runCommand(Object(CodeIgniter\CLI\Console))
#11 C:\xampp\htdocs\kp\Leuwi-Hejo\spark(84): CodeIgniter\Boot::bootSpark(Object(Config\Paths))
#12 {main}
DEBUG - 2025-04-22 00:51:57 --> Session: Class initialized using 'CodeIgniter\Session\Handlers\FileHandler' driver.
CRITICAL - 2025-04-22 00:51:57 --> ErrorException: Undefined variable $content
[Method: GET, Route: admin/beranda]
in APPPATH\Views\admin\beranda.php on line 25.
 1 APPPATH\Views\admin\beranda.php(25): CodeIgniter\Debug\Exceptions->errorHandler(2, 'Undefined variable $content', 'C:\\xampp\\htdocs\\kp\\Leuwi-Hejo\\app\\Views\\admin\\beranda.php', 25)
 2 SYSTEMPATH\View\View.php(224): include('C:\\xampp\\htdocs\\kp\\Leuwi-Hejo\\app\\Views\\admin\\beranda.php')
 3 SYSTEMPATH\View\View.php(227): CodeIgniter\View\View->CodeIgniter\View\{closure}()
 4 SYSTEMPATH\Common.php(1173): CodeIgniter\View\View->render('admin/beranda', [], true)
 5 APPPATH\Controllers\Admin\Beranda.php(16): view('admin/beranda', [...])
 6 SYSTEMPATH\CodeIgniter.php(933): App\Controllers\Admin\Beranda->index()
 7 SYSTEMPATH\CodeIgniter.php(507): CodeIgniter\CodeIgniter->runController(Object(App\Controllers\Admin\Beranda))
 8 SYSTEMPATH\CodeIgniter.php(354): CodeIgniter\CodeIgniter->handleRequest(null, Object(Config\Cache), false)
 9 SYSTEMPATH\Boot.php(334): CodeIgniter\CodeIgniter->run()
10 SYSTEMPATH\Boot.php(67): CodeIgniter\Boot::runCodeIgniter(Object(CodeIgniter\CodeIgniter))
11 FCPATH\index.php(56): CodeIgniter\Boot::bootWeb(Object(Config\Paths))
12 SYSTEMPATH\rewrite.php(44): require_once('C:\\xampp\\htdocs\\kp\\Leuwi-Hejo\\public\\index.php')
CRITICAL - 2025-04-22 01:08:53 --> CodeIgniter\View\Exceptions\ViewException: Invalid file: "admin/beranda/index.php"
[Method: GET, Route: admin/beranda]
in SYSTEMPATH\Exceptions\FrameworkException.php on line 39.
 1 SYSTEMPATH\View\View.php(212): CodeIgniter\Exceptions\FrameworkException::forInvalidFile('admin/beranda/index.php')
 2 SYSTEMPATH\Common.php(1173): CodeIgniter\View\View->render('admin/beranda/index', [], true)
 3 APPPATH\Controllers\Admin\Beranda.php(25): view('admin/beranda/index', [...])
 4 SYSTEMPATH\CodeIgniter.php(933): App\Controllers\Admin\Beranda->index()
 5 SYSTEMPATH\CodeIgniter.php(507): CodeIgniter\CodeIgniter->runController(Object(App\Controllers\Admin\Beranda))
 6 SYSTEMPATH\CodeIgniter.php(354): CodeIgniter\CodeIgniter->handleRequest(null, Object(Config\Cache), false)
 7 SYSTEMPATH\Boot.php(334): CodeIgniter\CodeIgniter->run()
 8 SYSTEMPATH\Boot.php(67): CodeIgniter\Boot::runCodeIgniter(Object(CodeIgniter\CodeIgniter))
 9 FCPATH\index.php(56): CodeIgniter\Boot::bootWeb(Object(Config\Paths))
10 SYSTEMPATH\rewrite.php(44): require_once('C:\\xampp\\htdocs\\kp\\Leuwi-Hejo\\public\\index.php')
CRITICAL - 2025-04-22 01:09:07 --> CodeIgniter\View\Exceptions\ViewException: Invalid file: "admin/beranda/index.php"
[Method: GET, Route: admin/beranda]
in SYSTEMPATH\Exceptions\FrameworkException.php on line 39.
 1 SYSTEMPATH\View\View.php(212): CodeIgniter\Exceptions\FrameworkException::forInvalidFile('admin/beranda/index.php')
 2 SYSTEMPATH\Common.php(1173): CodeIgniter\View\View->render('admin/beranda/index', [], true)
 3 APPPATH\Controllers\Admin\Beranda.php(25): view('admin/beranda/index', [...])
 4 SYSTEMPATH\CodeIgniter.php(933): App\Controllers\Admin\Beranda->index()
 5 SYSTEMPATH\CodeIgniter.php(507): CodeIgniter\CodeIgniter->runController(Object(App\Controllers\Admin\Beranda))
 6 SYSTEMPATH\CodeIgniter.php(354): CodeIgniter\CodeIgniter->handleRequest(null, Object(Config\Cache), false)
 7 SYSTEMPATH\Boot.php(334): CodeIgniter\CodeIgniter->run()
 8 SYSTEMPATH\Boot.php(67): CodeIgniter\Boot::runCodeIgniter(Object(CodeIgniter\CodeIgniter))
 9 FCPATH\index.php(56): CodeIgniter\Boot::bootWeb(Object(Config\Paths))
10 SYSTEMPATH\rewrite.php(44): require_once('C:\\xampp\\htdocs\\kp\\Leuwi-Hejo\\public\\index.php')
DEBUG - 2025-04-22 01:09:35 --> Session: Class initialized using 'CodeIgniter\Session\Handlers\FileHandler' driver.
CRITICAL - 2025-04-22 01:09:35 --> ErrorException: Undefined array key "judul"
[Method: GET, Route: admin/beranda]
in APPPATH\Views\admin\beranda.php on line 33.
 1 APPPATH\Views\admin\beranda.php(33): CodeIgniter\Debug\Exceptions->errorHandler(2, 'Undefined array key "judul"', 'C:\\xampp\\htdocs\\kp\\Leuwi-Hejo\\app\\Views\\admin\\beranda.php', 33)
 2 SYSTEMPATH\View\View.php(224): include('C:\\xampp\\htdocs\\kp\\Leuwi-Hejo\\app\\Views\\admin\\beranda.php')
 3 SYSTEMPATH\View\View.php(227): CodeIgniter\View\View->CodeIgniter\View\{closure}()
 4 SYSTEMPATH\Common.php(1173): CodeIgniter\View\View->render('admin/beranda', [], true)
 5 APPPATH\Controllers\Admin\Beranda.php(25): view('admin/beranda', [...])
 6 SYSTEMPATH\CodeIgniter.php(933): App\Controllers\Admin\Beranda->index()
 7 SYSTEMPATH\CodeIgniter.php(507): CodeIgniter\CodeIgniter->runController(Object(App\Controllers\Admin\Beranda))
 8 SYSTEMPATH\CodeIgniter.php(354): CodeIgniter\CodeIgniter->handleRequest(null, Object(Config\Cache), false)
 9 SYSTEMPATH\Boot.php(334): CodeIgniter\CodeIgniter->run()
10 SYSTEMPATH\Boot.php(67): CodeIgniter\Boot::runCodeIgniter(Object(CodeIgniter\CodeIgniter))
11 FCPATH\index.php(56): CodeIgniter\Boot::bootWeb(Object(Config\Paths))
12 SYSTEMPATH\rewrite.php(44): require_once('C:\\xampp\\htdocs\\kp\\Leuwi-Hejo\\public\\index.php')
DEBUG - 2025-04-22 01:10:29 --> Session: Class initialized using 'CodeIgniter\Session\Handlers\FileHandler' driver.
DEBUG - 2025-04-22 01:19:46 --> Session: Class initialized using 'CodeIgniter\Session\Handlers\FileHandler' driver.
DEBUG - 2025-04-22 01:27:06 --> Session: Class initialized using 'CodeIgniter\Session\Handlers\FileHandler' driver.
DEBUG - 2025-04-22 01:28:10 --> Session: Class initialized using 'CodeIgniter\Session\Handlers\FileHandler' driver.
CRITICAL - 2025-04-22 01:28:12 --> ErrorException: Undefined array key "judul"
[Method: GET, Route: admin/beranda/edit/home_hero]
in APPPATH\Views\admin\edit_beranda.php on line 11.
 1 APPPATH\Views\admin\edit_beranda.php(11): CodeIgniter\Debug\Exceptions->errorHandler(2, 'Undefined array key "judul"', 'C:\\xampp\\htdocs\\kp\\Leuwi-Hejo\\app\\Views\\admin\\edit_beranda.php', 11)
 2 SYSTEMPATH\View\View.php(224): include('C:\\xampp\\htdocs\\kp\\Leuwi-Hejo\\app\\Views\\admin\\edit_beranda.php')
 3 SYSTEMPATH\View\View.php(227): CodeIgniter\View\View->CodeIgniter\View\{closure}()
 4 SYSTEMPATH\Common.php(1173): CodeIgniter\View\View->render('admin/edit_beranda', [], true)
 5 APPPATH\Controllers\Admin\Beranda.php(34): view('admin/edit_beranda', [...])
 6 SYSTEMPATH\CodeIgniter.php(933): App\Controllers\Admin\Beranda->edit('home_hero')
 7 SYSTEMPATH\CodeIgniter.php(507): CodeIgniter\CodeIgniter->runController(Object(App\Controllers\Admin\Beranda))
 8 SYSTEMPATH\CodeIgniter.php(354): CodeIgniter\CodeIgniter->handleRequest(null, Object(Config\Cache), false)
 9 SYSTEMPATH\Boot.php(334): CodeIgniter\CodeIgniter->run()
10 SYSTEMPATH\Boot.php(67): CodeIgniter\Boot::runCodeIgniter(Object(CodeIgniter\CodeIgniter))
11 FCPATH\index.php(56): CodeIgniter\Boot::bootWeb(Object(Config\Paths))
12 SYSTEMPATH\rewrite.php(44): require_once('C:\\xampp\\htdocs\\kp\\Leuwi-Hejo\\public\\index.php')
CRITICAL - 2025-04-22 01:28:47 --> ErrorException: Undefined array key "deskripsibody"
[Method: GET, Route: admin/beranda/edit/home_hero]
in APPPATH\Views\admin\edit_beranda.php on line 15.
 1 APPPATH\Views\admin\edit_beranda.php(15): CodeIgniter\Debug\Exceptions->errorHandler(2, 'Undefined array key "deskripsibody"', 'C:\\xampp\\htdocs\\kp\\Leuwi-Hejo\\app\\Views\\admin\\edit_beranda.php', 15)
 2 SYSTEMPATH\View\View.php(224): include('C:\\xampp\\htdocs\\kp\\Leuwi-Hejo\\app\\Views\\admin\\edit_beranda.php')
 3 SYSTEMPATH\View\View.php(227): CodeIgniter\View\View->CodeIgniter\View\{closure}()
 4 SYSTEMPATH\Common.php(1173): CodeIgniter\View\View->render('admin/edit_beranda', [], true)
 5 APPPATH\Controllers\Admin\Beranda.php(34): view('admin/edit_beranda', [...])
 6 SYSTEMPATH\CodeIgniter.php(933): App\Controllers\Admin\Beranda->edit('home_hero')
 7 SYSTEMPATH\CodeIgniter.php(507): CodeIgniter\CodeIgniter->runController(Object(App\Controllers\Admin\Beranda))
 8 SYSTEMPATH\CodeIgniter.php(354): CodeIgniter\CodeIgniter->handleRequest(null, Object(Config\Cache), false)
 9 SYSTEMPATH\Boot.php(334): CodeIgniter\CodeIgniter->run()
10 SYSTEMPATH\Boot.php(67): CodeIgniter\Boot::runCodeIgniter(Object(CodeIgniter\CodeIgniter))
11 FCPATH\index.php(56): CodeIgniter\Boot::bootWeb(Object(Config\Paths))
12 SYSTEMPATH\rewrite.php(44): require_once('C:\\xampp\\htdocs\\kp\\Leuwi-Hejo\\public\\index.php')
CRITICAL - 2025-04-22 01:29:01 --> CodeIgniter\View\Exceptions\ViewException: Invalid file: "layout/admin_template.php"
[Method: GET, Route: admin/beranda/edit/home_hero]
in SYSTEMPATH\Exceptions\FrameworkException.php on line 39.
 1 SYSTEMPATH\View\View.php(212): CodeIgniter\Exceptions\FrameworkException::forInvalidFile('layout/admin_template.php')
 2 SYSTEMPATH\View\View.php(240): CodeIgniter\View\View->render('layout/admin_template', [], true)
 3 SYSTEMPATH\Common.php(1173): CodeIgniter\View\View->render('admin/edit_beranda', [], true)
 4 APPPATH\Controllers\Admin\Beranda.php(34): view('admin/edit_beranda', [...])
 5 SYSTEMPATH\CodeIgniter.php(933): App\Controllers\Admin\Beranda->edit('home_hero')
 6 SYSTEMPATH\CodeIgniter.php(507): CodeIgniter\CodeIgniter->runController(Object(App\Controllers\Admin\Beranda))
 7 SYSTEMPATH\CodeIgniter.php(354): CodeIgniter\CodeIgniter->handleRequest(null, Object(Config\Cache), false)
 8 SYSTEMPATH\Boot.php(334): CodeIgniter\CodeIgniter->run()
 9 SYSTEMPATH\Boot.php(67): CodeIgniter\Boot::runCodeIgniter(Object(CodeIgniter\CodeIgniter))
10 FCPATH\index.php(56): CodeIgniter\Boot::bootWeb(Object(Config\Paths))
11 SYSTEMPATH\rewrite.php(44): require_once('C:\\xampp\\htdocs\\kp\\Leuwi-Hejo\\public\\index.php')
DEBUG - 2025-04-22 01:29:40 --> Session: Class initialized using 'CodeIgniter\Session\Handlers\FileHandler' driver.
DEBUG - 2025-04-22 01:29:40 --> Session: Class initialized using 'CodeIgniter\Session\Handlers\FileHandler' driver.
DEBUG - 2025-04-22 01:37:22 --> Session: Class initialized using 'CodeIgniter\Session\Handlers\FileHandler' driver.
DEBUG - 2025-04-22 01:37:44 --> Session: Class initialized using 'CodeIgniter\Session\Handlers\FileHandler' driver.
DEBUG - 2025-04-22 01:38:05 --> Session: Class initialized using 'CodeIgniter\Session\Handlers\FileHandler' driver.
DEBUG - 2025-04-22 01:38:05 --> Session: Class initialized using 'CodeIgniter\Session\Handlers\FileHandler' driver.
DEBUG - 2025-04-22 01:42:18 --> Session: Class initialized using 'CodeIgniter\Session\Handlers\FileHandler' driver.
DEBUG - 2025-04-22 01:42:19 --> Session: Class initialized using 'CodeIgniter\Session\Handlers\FileHandler' driver.
DEBUG - 2025-04-22 01:46:30 --> Session: Class initialized using 'CodeIgniter\Session\Handlers\FileHandler' driver.
DEBUG - 2025-04-22 01:48:26 --> Session: Class initialized using 'CodeIgniter\Session\Handlers\FileHandler' driver.
DEBUG - 2025-04-22 01:48:26 --> Session: Class initialized using 'CodeIgniter\Session\Handlers\FileHandler' driver.
DEBUG - 2025-04-22 01:51:16 --> Session: Class initialized using 'CodeIgniter\Session\Handlers\FileHandler' driver.
DEBUG - 2025-04-22 01:51:27 --> Session: Class initialized using 'CodeIgniter\Session\Handlers\FileHandler' driver.
DEBUG - 2025-04-22 01:51:27 --> Session: Class initialized using 'CodeIgniter\Session\Handlers\FileHandler' driver.
CRITICAL - 2025-04-22 01:55:39 --> ErrorException: Trying to access array offset on value of type null
[Method: GET, Route: /]
in APPPATH\Views\pages\home.php on line 9.
 1 APPPATH\Views\pages\home.php(9): CodeIgniter\Debug\Exceptions->errorHandler(2, 'Trying to access array offset on value of type null', 'C:\\xampp\\htdocs\\kp\\Leuwi-Hejo\\app\\Views\\pages\\home.php', 9)
 2 SYSTEMPATH\View\View.php(224): include('C:\\xampp\\htdocs\\kp\\Leuwi-Hejo\\app\\Views\\pages\\home.php')
 3 SYSTEMPATH\View\View.php(227): CodeIgniter\View\View->CodeIgniter\View\{closure}()
 4 SYSTEMPATH\Common.php(1173): CodeIgniter\View\View->render('pages/home', [], true)
 5 APPPATH\Controllers\pages.php(18): view('pages/home', [...])
 6 SYSTEMPATH\CodeIgniter.php(933): App\Controllers\Pages->index()
 7 SYSTEMPATH\CodeIgniter.php(507): CodeIgniter\CodeIgniter->runController(Object(App\Controllers\Pages))
 8 SYSTEMPATH\CodeIgniter.php(354): CodeIgniter\CodeIgniter->handleRequest(null, Object(Config\Cache), false)
 9 SYSTEMPATH\Boot.php(334): CodeIgniter\CodeIgniter->run()
10 SYSTEMPATH\Boot.php(67): CodeIgniter\Boot::runCodeIgniter(Object(CodeIgniter\CodeIgniter))
11 FCPATH\index.php(56): CodeIgniter\Boot::bootWeb(Object(Config\Paths))
12 SYSTEMPATH\rewrite.php(44): require_once('C:\\xampp\\htdocs\\kp\\Leuwi-Hejo\\public\\index.php')
DEBUG - 2025-04-22 01:59:06 --> Session: Class initialized using 'CodeIgniter\Session\Handlers\FileHandler' driver.
CRITICAL - 2025-04-22 02:01:12 --> ParseError: syntax error, unexpected token "}"
[Method: GET, Route: /]
in APPPATH\Controllers\pages.php on line 19.
 1 VENDORPATH\composer\ClassLoader.php(427): Composer\Autoload\{closure}('C:\\xampp\\htdocs\\kp\\Leuwi-Hejo\\vendor\\composer/../../app\\Controllers\\pages.php')
 2 [internal function]: Composer\Autoload\ClassLoader->loadClass('App\\Controllers\\pages')
 3 SYSTEMPATH\CodeIgniter.php(885): class_exists('\\App\\Controllers\\pages', true)
 4 SYSTEMPATH\CodeIgniter.php(494): CodeIgniter\CodeIgniter->startController()
 5 SYSTEMPATH\CodeIgniter.php(354): CodeIgniter\CodeIgniter->handleRequest(null, Object(Config\Cache), false)
 6 SYSTEMPATH\Boot.php(334): CodeIgniter\CodeIgniter->run()
 7 SYSTEMPATH\Boot.php(67): CodeIgniter\Boot::runCodeIgniter(Object(CodeIgniter\CodeIgniter))
 8 FCPATH\index.php(56): CodeIgniter\Boot::bootWeb(Object(Config\Paths))
 9 SYSTEMPATH\rewrite.php(44): require_once('C:\\xampp\\htdocs\\kp\\Leuwi-Hejo\\public\\index.php')
CRITICAL - 2025-04-22 02:01:22 --> ParseError: syntax error, unexpected token "}"
[Method: GET, Route: /]
in APPPATH\Controllers\pages.php on line 19.
 1 VENDORPATH\composer\ClassLoader.php(427): Composer\Autoload\{closure}('C:\\xampp\\htdocs\\kp\\Leuwi-Hejo\\vendor\\composer/../../app\\Controllers\\pages.php')
 2 [internal function]: Composer\Autoload\ClassLoader->loadClass('App\\Controllers\\pages')
 3 SYSTEMPATH\CodeIgniter.php(885): class_exists('\\App\\Controllers\\pages', true)
 4 SYSTEMPATH\CodeIgniter.php(494): CodeIgniter\CodeIgniter->startController()
 5 SYSTEMPATH\CodeIgniter.php(354): CodeIgniter\CodeIgniter->handleRequest(null, Object(Config\Cache), false)
 6 SYSTEMPATH\Boot.php(334): CodeIgniter\CodeIgniter->run()
 7 SYSTEMPATH\Boot.php(67): CodeIgniter\Boot::runCodeIgniter(Object(CodeIgniter\CodeIgniter))
 8 FCPATH\index.php(56): CodeIgniter\Boot::bootWeb(Object(Config\Paths))
 9 SYSTEMPATH\rewrite.php(44): require_once('C:\\xampp\\htdocs\\kp\\Leuwi-Hejo\\public\\index.php')
CRITICAL - 2025-04-22 02:01:23 --> ParseError: syntax error, unexpected token "}"
[Method: GET, Route: /]
in APPPATH\Controllers\pages.php on line 19.
 1 VENDORPATH\composer\ClassLoader.php(427): Composer\Autoload\{closure}('C:\\xampp\\htdocs\\kp\\Leuwi-Hejo\\vendor\\composer/../../app\\Controllers\\pages.php')
 2 [internal function]: Composer\Autoload\ClassLoader->loadClass('App\\Controllers\\pages')
 3 SYSTEMPATH\CodeIgniter.php(885): class_exists('\\App\\Controllers\\pages', true)
 4 SYSTEMPATH\CodeIgniter.php(494): CodeIgniter\CodeIgniter->startController()
 5 SYSTEMPATH\CodeIgniter.php(354): CodeIgniter\CodeIgniter->handleRequest(null, Object(Config\Cache), false)
 6 SYSTEMPATH\Boot.php(334): CodeIgniter\CodeIgniter->run()
 7 SYSTEMPATH\Boot.php(67): CodeIgniter\Boot::runCodeIgniter(Object(CodeIgniter\CodeIgniter))
 8 FCPATH\index.php(56): CodeIgniter\Boot::bootWeb(Object(Config\Paths))
 9 SYSTEMPATH\rewrite.php(44): require_once('C:\\xampp\\htdocs\\kp\\Leuwi-Hejo\\public\\index.php')
DEBUG - 2025-04-22 02:01:43 --> Session: Class initialized using 'CodeIgniter\Session\Handlers\FileHandler' driver.
DEBUG - 2025-04-22 02:02:26 --> Session: Class initialized using 'CodeIgniter\Session\Handlers\FileHandler' driver.
DEBUG - 2025-04-22 02:02:26 --> Session: Class initialized using 'CodeIgniter\Session\Handlers\FileHandler' driver.
DEBUG - 2025-04-22 02:06:52 --> Session: Class initialized using 'CodeIgniter\Session\Handlers\FileHandler' driver.
DEBUG - 2025-04-22 02:08:45 --> Session: Class initialized using 'CodeIgniter\Session\Handlers\FileHandler' driver.
DEBUG - 2025-04-22 02:09:18 --> Session: Class initialized using 'CodeIgniter\Session\Handlers\FileHandler' driver.
DEBUG - 2025-04-22 02:10:35 --> Session: Class initialized using 'CodeIgniter\Session\Handlers\FileHandler' driver.
DEBUG - 2025-04-22 02:11:28 --> Session: Class initialized using 'CodeIgniter\Session\Handlers\FileHandler' driver.
DEBUG - 2025-04-22 02:12:07 --> Session: Class initialized using 'CodeIgniter\Session\Handlers\FileHandler' driver.
DEBUG - 2025-04-22 02:15:54 --> Session: Class initialized using 'CodeIgniter\Session\Handlers\FileHandler' driver.
DEBUG - 2025-04-22 02:16:06 --> Session: Class initialized using 'CodeIgniter\Session\Handlers\FileHandler' driver.
DEBUG - 2025-04-22 02:17:48 --> Session: Class initialized using 'CodeIgniter\Session\Handlers\FileHandler' driver.
DEBUG - 2025-04-22 02:18:47 --> Session: Class initialized using 'CodeIgniter\Session\Handlers\FileHandler' driver.
DEBUG - 2025-04-22 02:19:30 --> Session: Class initialized using 'CodeIgniter\Session\Handlers\FileHandler' driver.
DEBUG - 2025-04-22 02:19:43 --> Session: Class initialized using 'CodeIgniter\Session\Handlers\FileHandler' driver.
DEBUG - 2025-04-22 02:20:04 --> Session: Class initialized using 'CodeIgniter\Session\Handlers\FileHandler' driver.
DEBUG - 2025-04-22 02:20:04 --> Session: Class initialized using 'CodeIgniter\Session\Handlers\FileHandler' driver.
DEBUG - 2025-04-22 02:20:10 --> Session: Class initialized using 'CodeIgniter\Session\Handlers\FileHandler' driver.
